17 de junho de 1832
26 de dezembro de 1791
11 de agosto de 1950
29 de abril de 1854
15 de fevereiro de 1564
26 de junho de 1910
1 de agosto de 1885
7 de outubro de 1939
31 de dezembro de 1924
8 de março de 1900
16 de novembro de 1717
15 de abril de 1896
22 de dezembro de 1838
31 de março de 1811
23 de agosto de 1923
18 de julho de 1937
7 de Março de 1930
18 de março de 1796
ca. 351
22 de setembro de 1791
28 de junho de 1875
16 de março de 1915
26 de novembro de 1894
27 de setembro de 1818
19 de abril de 1918
26 de junho de 1911
7 de outubro de 1885
19 de abril de 1912
7 de setembro de 1829
15 de janeiro de 1895
22 de junho de 1910
19 de agosto de 1830
16 de março de 1953
20 de setembro de 1842
31 de janeiro de 1881
330 a.C.
6 de dezembro de 1778
1 de julho de 1646
12 de outubro de 1792
14 de março de 1879
17 de setembro de 1826
14 de junho de 1736
2 de janeiro de 1765
2 de novembro de 1815
9 de agosto de 1848
19 de novembro de 1711
27 de julho de 1871
8 de março de 1879
13 de março de 1733
10 de janeiro de 1938
12 de agosto de 1887
2 de junho de 1787
28 de abril de 1941
8 de fevereiro de 1834
4 de agosto de 1805
19 de junho de 1623
20 de maio de 1860
27 de abril de 1896
23 de julho de 1906
ca. 598
8 de janeiro de 1942
10 de dezembro de 1815
21 de janeiro de 1953
25 de janeiro de 1917
14 de outubro de 1925
6 de agosto de 1766
ca. 571 a.C.
22 de dezembro de 1887
2 de setembro de 1853
9 de abril de 1919
4 de fevereiro de 1943
19 de novembro de 1936
9 de novembro de 1885
23 de agosto de 1933
2 de outubro de 1852
20 de agosto de 1779
28 de julho de 1902
3 de março de 1845
22 de fevereiro de 1857
11 de dezembro de 1882
15 de setembro de 1932
21 de outubro de 1833
7 de novembro de 1867
2 de setembro de 1877
ca. 1193
24 de fevereiro de 1955
25 de janeiro de 1736
15 de agosto de 1892
26 de junho de 1913
5 de dezembro de 1901
31 de dezembro de 1921
31 de julho de 1800
11 de agosto de 1921
19 de março de 1877
15 de abril de 1707
10 de abril de 1917
8 de abril de 1911
23 de outubro de 1908
9 de dezembro de 1906
20 de julho de 1897
28 de dezembro de 1903
2 de janeiro de 1822
18 de fevereiro de 1745
9 de dezembro de 1868
28 de fevereiro de 1901
4 de janeiro de 1643
26 de agosto de 1743
4 de outubro de 1938
28 de outubro de 1955
27 de agosto de 1858
6 de setembro de 1766
7 de junho de 1896
14 de agosto de 1933
11 de maio de 1930
23 de janeiro de 1862
8 de agosto de 1902
13 de fevereiro de 1910
21 de agosto de 1789
23 de junho de 1912
384 a.C.
31 de outubro de 1925
27 de dezembro de 1822
3 de setembro de 1908
12 de dezembro de 1866
13 de junho de 1831
25 de outubro de 1811
31 de março de 1596
28 de abril de 1906
28 de dezembro de 1969
9 de janeiro de 1868
6 de maio de 1871
7 de janeiro de 1941
17 de dezembro de 1493
23 de outubro de 1875
12 de maio de 1803
30 de dezembro de 1950
23 de abril de 1858
16 de março de 1944
27 de novembro de 1903
30 de agosto de 1907
9 de setembro de 1941
25 de abril de 1849
21 de abril de 1889
10 de fevereiro de 1902
9 de dezembro de 1742
30 de agosto de 1871
21 de dezembro de 1805
6 de outubro de 1831
23 de março de 1882
23 de novembro de 1837
30 de agosto de 1884
ca. 287 a.C.
13 de junho de 1928
3 de setembro de 1869
17 de dezembro de 1778
23 de março de 1749
17 de agosto de 1601
30 de abril de 1777
4 de outubro de 1903
17 de maio de 1940
18 de julho de 1853
10 de dezembro de 1804
8 de outubro de 1850
29 de abril de 1893
17 de dezembro de 1908
24 de março de 1884
